<?xml version="1.0" encoding="UTF-8"?>
<coverage generated="1758272065869" clover="3.2.0">
  <project timestamp="1758272065869" name="All files">
    <metrics statements="236" coveredstatements="193" conditionals="119" coveredconditionals="62" methods="78" coveredmethods="69" elements="433" coveredelements="324" complexity="0" loc="236" ncloc="236" packages="12" files="18" classes="18"/>
    <package name="src">
      <metrics statements="6" coveredstatements="0" conditionals="22" coveredconditionals="0" methods="1" coveredmethods="0"/>
      <file name="data-source.ts" path="/home/ivo/work/quotes-app-ai-powered-2025/app/be/src/data-source.ts">
        <metrics statements="3" coveredstatements="0" conditionals="20" coveredconditionals="0" methods="0" coveredmethods="0"/>
        <line num="4" count="0" type="stmt"/>
        <line num="5" count="0" type="stmt"/>
        <line num="7" count="0" type="stmt"/>
      </file>
      <file name="main.ts" path="/home/ivo/work/quotes-app-ai-powered-2025/app/be/src/main.ts">
        <metrics statements="3" coveredstatements="0" conditionals="2" coveredconditionals="0" methods="1" coveredmethods="0"/>
        <line num="5" count="0" type="stmt"/>
        <line num="6" count="0" type="cond" truecount="0" falsecount="2"/>
        <line num="8" count="0" type="stmt"/>
      </file>
    </package>
    <package name="src.common.filters">
      <metrics statements="18" coveredstatements="0" conditionals="6" coveredconditionals="0" methods="2" coveredmethods="0"/>
      <file name="http-exception.filter.ts" path="/home/ivo/work/quotes-app-ai-powered-2025/app/be/src/common/filters/http-exception.filter.ts">
        <metrics statements="18" coveredstatements="0" conditionals="6" coveredconditionals="0" methods="2" coveredmethods="0"/>
        <line num="22" count="0" type="stmt"/>
        <line num="23" count="0" type="stmt"/>
        <line num="24" count="0" type="stmt"/>
        <line num="25" count="0" type="stmt"/>
        <line num="27" count="0" type="stmt"/>
        <line num="36" count="0" type="stmt"/>
        <line num="43" count="0" type="stmt"/>
        <line num="44" count="0" type="stmt"/>
        <line num="45" count="0" type="stmt"/>
        <line num="47" count="0" type="stmt"/>
        <line num="48" count="0" type="stmt"/>
        <line num="50" count="0" type="cond" truecount="0" falsecount="2"/>
        <line num="51" count="0" type="stmt"/>
        <line num="52" count="0" type="stmt"/>
        <line num="53" count="0" type="cond" truecount="0" falsecount="2"/>
        <line num="54" count="0" type="stmt"/>
        <line num="57" count="0" type="stmt"/>
        <line num="66" count="0" type="stmt"/>
      </file>
    </package>
    <package name="src.common.interceptors">
      <metrics statements="5" coveredstatements="5" conditionals="0" coveredconditionals="0" methods="2" coveredmethods="2"/>
      <file name="response.interceptor.ts" path="/home/ivo/work/quotes-app-ai-powered-2025/app/be/src/common/interceptors/response.interceptor.ts">
        <metrics statements="5" coveredstatements="5" conditionals="0" coveredconditionals="0" methods="2" coveredmethods="2"/>
        <line num="6" count="1" type="stmt"/>
        <line num="8" count="1" type="stmt"/>
        <line num="17" count="6" type="stmt"/>
        <line num="19" count="3" type="stmt"/>
        <line num="20" count="3" type="stmt"/>
      </file>
    </package>
    <package name="src.common.middleware">
      <metrics statements="45" coveredstatements="42" conditionals="21" coveredconditionals="19" methods="13" coveredmethods="12"/>
      <file name="middleware.module.ts" path="/home/ivo/work/quotes-app-ai-powered-2025/app/be/src/common/middleware/middleware.module.ts">
        <metrics statements="4" coveredstatements="3" conditionals="0" coveredconditionals="0" methods="1" coveredmethods="0"/>
        <line num="1" count="1" type="stmt"/>
        <line num="2" count="1" type="stmt"/>
        <line num="5" count="6" type="stmt"/>
        <line num="8" count="0" type="stmt"/>
      </file>
      <file name="rate-limit.middleware.ts" path="/home/ivo/work/quotes-app-ai-powered-2025/app/be/src/common/middleware/rate-limit.middleware.ts">
        <metrics statements="41" coveredstatements="39" conditionals="21" coveredconditionals="19" methods="12" coveredmethods="12"/>
        <line num="1" count="2" type="stmt"/>
        <line num="20" count="16" type="stmt"/>
        <line num="21" count="18" type="stmt"/>
        <line num="25" count="18" type="stmt"/>
        <line num="35" count="31" type="stmt"/>
        <line num="36" count="31" type="stmt"/>
        <line num="37" count="31" type="stmt"/>
        <line num="40" count="31" type="stmt"/>
        <line num="43" count="31" type="cond" truecount="2" falsecount="0"/>
        <line num="44" count="14" type="stmt"/>
        <line num="50" count="31" type="stmt"/>
        <line num="53" count="31" type="cond" truecount="2" falsecount="0"/>
        <line num="54" count="1" type="stmt"/>
        <line num="55" count="1" type="stmt"/>
        <line num="59" count="31" type="cond" truecount="2" falsecount="0"/>
        <line num="60" count="7" type="stmt"/>
        <line num="62" count="7" type="stmt"/>
        <line num="69" count="7" type="stmt"/>
        <line num="88" count="24" type="stmt"/>
        <line num="91" count="24" type="stmt"/>
        <line num="92" count="24" type="stmt"/>
        <line num="98" count="24" type="stmt"/>
        <line num="103" count="31" type="cond" truecount="3" falsecount="0"/>
        <line num="104" count="31" type="stmt"/>
        <line num="108" count="31" type="stmt"/>
        <line num="109" count="20" type="cond" truecount="1" falsecount="1"/>
        <line num="110" count="0" type="stmt"/>
        <line num="119" count="2" type="stmt"/>
        <line num="120" count="2" type="cond" truecount="2" falsecount="0"/>
        <line num="121" count="1" type="stmt"/>
        <line num="124" count="1" type="stmt"/>
        <line num="125" count="1" type="cond" truecount="1" falsecount="1"/>
        <line num="126" count="0" type="stmt"/>
        <line num="129" count="1" type="stmt"/>
        <line num="140" count="1" type="stmt"/>
        <line num="147" count="1" type="stmt"/>
        <line num="154" count="7" type="stmt"/>
        <line num="160" count="3" type="stmt"/>
        <line num="172" count="1" type="stmt"/>
        <line num="184" count="1" type="stmt"/>
        <line num="195" count="1" type="stmt"/>
      </file>
    </package>
    <package name="src.common.validators">
      <metrics statements="35" coveredstatements="33" conditionals="22" coveredconditionals="22" methods="9" coveredmethods="9"/>
      <file name="no-semicolon.validator.ts" path="/home/ivo/work/quotes-app-ai-powered-2025/app/be/src/common/validators/no-semicolon.validator.ts">
        <metrics statements="11" coveredstatements="10" conditionals="6" coveredconditionals="6" methods="4" coveredmethods="4"/>
        <line num="7" count="4" type="stmt"/>
        <line num="20" count="0" type="stmt"/>
        <line num="23" count="43" type="cond" truecount="4" falsecount="0"/>
        <line num="24" count="5" type="stmt"/>
        <line num="28" count="38" type="cond" truecount="2" falsecount="0"/>
        <line num="29" count="35" type="stmt"/>
        <line num="33" count="3" type="stmt"/>
        <line num="37" count="8" type="stmt"/>
        <line num="41" count="4" type="stmt"/>
        <line num="42" count="4" type="stmt"/>
        <line num="43" count="4" type="stmt"/>
      </file>
      <file name="tag-sanitization.validator.ts" path="/home/ivo/work/quotes-app-ai-powered-2025/app/be/src/common/validators/tag-sanitization.validator.ts">
        <metrics statements="24" coveredstatements="23" conditionals="16" coveredconditionals="16" methods="5" coveredmethods="5"/>
        <line num="7" count="4" type="stmt"/>
        <line num="23" count="0" type="stmt"/>
        <line num="26" count="51" type="cond" truecount="4" falsecount="0"/>
        <line num="27" count="5" type="stmt"/>
        <line num="31" count="46" type="cond" truecount="2" falsecount="0"/>
        <line num="32" count="3" type="stmt"/>
        <line num="36" count="43" type="stmt"/>
        <line num="37" count="43" type="cond" truecount="2" falsecount="0"/>
        <line num="38" count="2" type="stmt"/>
        <line num="42" count="41" type="stmt"/>
        <line num="43" count="41" type="cond" truecount="2" falsecount="0"/>
        <line num="44" count="4" type="stmt"/>
        <line num="48" count="37" type="stmt"/>
        <line num="49" count="37" type="cond" truecount="2" falsecount="0"/>
        <line num="50" count="13" type="stmt"/>
        <line num="53" count="24" type="stmt"/>
        <line num="57" count="13" type="stmt"/>
        <line num="61" count="4" type="stmt"/>
        <line num="62" count="4" type="stmt"/>
        <line num="63" count="4" type="stmt"/>
        <line num="92" count="12" type="stmt"/>
        <line num="93" count="12" type="cond" truecount="4" falsecount="0"/>
        <line num="94" count="4" type="stmt"/>
        <line num="97" count="8" type="stmt"/>
      </file>
    </package>
    <package name="src.config">
      <metrics statements="7" coveredstatements="0" conditionals="20" coveredconditionals="0" methods="1" coveredmethods="0"/>
      <file name="database.config.ts" path="/home/ivo/work/quotes-app-ai-powered-2025/app/be/src/config/database.config.ts">
        <metrics statements="7" coveredstatements="0" conditionals="20" coveredconditionals="0" methods="1" coveredmethods="0"/>
        <line num="3" count="0" type="stmt"/>
        <line num="4" count="0" type="stmt"/>
        <line num="5" count="0" type="stmt"/>
        <line num="6" count="0" type="stmt"/>
        <line num="8" count="0" type="cond" truecount="0" falsecount="2"/>
        <line num="9" count="0" type="stmt"/>
        <line num="19" count="0" type="stmt"/>
      </file>
    </package>
    <package name="src.controllers">
      <metrics statements="20" coveredstatements="20" conditionals="0" coveredconditionals="0" methods="12" coveredmethods="12"/>
      <file name="quotes.controller.ts" path="/home/ivo/work/quotes-app-ai-powered-2025/app/be/src/controllers/quotes.controller.ts">
        <metrics statements="15" coveredstatements="15" conditionals="0" coveredconditionals="0" methods="10" coveredmethods="10"/>
        <line num="13" count="1" type="stmt"/>
        <line num="14" count="1" type="stmt"/>
        <line num="15" count="1" type="stmt"/>
        <line num="16" count="1" type="stmt"/>
        <line num="20" count="34" type="stmt"/>
        <line num="21" count="17" type="stmt"/>
        <line num="25" count="1" type="stmt"/>
        <line num="50" count="1" type="stmt"/>
        <line num="74" count="1" type="stmt"/>
        <line num="79" count="1" type="stmt"/>
        <line num="108" count="1" type="stmt"/>
        <line num="133" count="1" type="stmt"/>
        <line num="139" count="1" type="stmt"/>
        <line num="173" count="8" type="stmt"/>
        <line num="208" count="7" type="stmt"/>
      </file>
      <file name="version.controller.ts" path="/home/ivo/work/quotes-app-ai-powered-2025/app/be/src/controllers/version.controller.ts">
        <metrics statements="5" coveredstatements="5" conditionals="0" coveredconditionals="0" methods="2" coveredmethods="2"/>
        <line num="1" count="1" type="stmt"/>
        <line num="2" count="1" type="stmt"/>
        <line num="5" count="4" type="stmt"/>
        <line num="6" count="2" type="stmt"/>
        <line num="10" count="1" type="stmt"/>
      </file>
    </package>
    <package name="src.dto">
      <metrics statements="7" coveredstatements="7" conditionals="0" coveredconditionals="0" methods="0" coveredmethods="0"/>
      <file name="create-quote.dto.ts" path="/home/ivo/work/quotes-app-ai-powered-2025/app/be/src/dto/create-quote.dto.ts">
        <metrics statements="4" coveredstatements="4" conditionals="0" coveredconditionals="0" methods="0" coveredmethods="0"/>
        <line num="1" count="3" type="stmt"/>
        <line num="2" count="3" type="stmt"/>
        <line num="3" count="3" type="stmt"/>
        <line num="5" count="42" type="stmt"/>
      </file>
      <file name="update-quote.dto.ts" path="/home/ivo/work/quotes-app-ai-powered-2025/app/be/src/dto/update-quote.dto.ts">
        <metrics statements="3" coveredstatements="3" conditionals="0" coveredconditionals="0" methods="0" coveredmethods="0"/>
        <line num="1" count="2" type="stmt"/>
        <line num="2" count="2" type="stmt"/>
        <line num="4" count="30" type="stmt"/>
      </file>
    </package>
    <package name="src.entities">
      <metrics statements="2" coveredstatements="2" conditionals="0" coveredconditionals="0" methods="0" coveredmethods="0"/>
      <file name="quote.entity.ts" path="/home/ivo/work/quotes-app-ai-powered-2025/app/be/src/entities/quote.entity.ts">
        <metrics statements="2" coveredstatements="2" conditionals="0" coveredconditionals="0" methods="0" coveredmethods="0"/>
        <line num="1" count="4" type="stmt"/>
        <line num="5" count="92" type="stmt"/>
      </file>
    </package>
    <package name="src.migrations">
      <metrics statements="6" coveredstatements="6" conditionals="0" coveredconditionals="0" methods="2" coveredmethods="2"/>
      <file name="CreateQuotesTable1680000000000.ts" path="/home/ivo/work/quotes-app-ai-powered-2025/app/be/src/migrations/CreateQuotesTable1680000000000.ts">
        <metrics statements="6" coveredstatements="6" conditionals="0" coveredconditionals="0" methods="2" coveredmethods="2"/>
        <line num="1" count="1" type="stmt"/>
        <line num="3" count="5" type="stmt"/>
        <line num="5" count="2" type="stmt"/>
        <line num="21" count="2" type="stmt"/>
        <line num="25" count="1" type="stmt"/>
        <line num="26" count="1" type="stmt"/>
      </file>
    </package>
    <package name="src.repositories">
      <metrics statements="42" coveredstatements="38" conditionals="8" coveredconditionals="7" methods="24" coveredmethods="20"/>
      <file name="quote.repository.ts" path="/home/ivo/work/quotes-app-ai-powered-2025/app/be/src/repositories/quote.repository.ts">
        <metrics statements="42" coveredstatements="38" conditionals="8" coveredconditionals="7" methods="24" coveredmethods="20"/>
        <line num="1" count="3" type="stmt"/>
        <line num="2" count="3" type="stmt"/>
        <line num="3" count="3" type="stmt"/>
        <line num="4" count="3" type="stmt"/>
        <line num="7" count="118" type="stmt"/>
        <line num="10" count="33" type="stmt"/>
        <line num="14" count="1" type="stmt"/>
        <line num="20" count="3" type="stmt"/>
        <line num="24" count="1" type="stmt"/>
        <line num="25" count="1" type="stmt"/>
        <line num="29" count="1" type="stmt"/>
        <line num="30" count="1" type="stmt"/>
        <line num="34" count="2" type="stmt"/>
        <line num="35" count="2" type="stmt"/>
        <line num="40" count="2" type="stmt"/>
        <line num="44" count="0" type="stmt"/>
        <line num="45" count="0" type="stmt"/>
        <line num="53" count="2" type="cond" truecount="2" falsecount="0"/>
        <line num="58" count="2" type="stmt"/>
        <line num="62" count="0" type="stmt"/>
        <line num="63" count="0" type="stmt"/>
        <line num="70" count="2" type="cond" truecount="1" falsecount="1"/>
        <line num="92" count="14" type="stmt"/>
        <line num="97" count="14" type="stmt"/>
        <line num="98" count="1044" type="stmt"/>
        <line num="99" count="1044" type="cond" truecount="2" falsecount="0"/>
        <line num="102" count="1037" type="stmt"/>
        <line num="104" count="3105" type="stmt"/>
        <line num="105" count="3105" type="stmt"/>
        <line num="107" count="3060" type="stmt"/>
        <line num="108" count="3060" type="stmt"/>
        <line num="111" count="14" type="stmt"/>
        <line num="130" count="8" type="stmt"/>
        <line num="134" count="8" type="stmt"/>
        <line num="135" count="1025" type="stmt"/>
        <line num="136" count="1025" type="stmt"/>
        <line num="139" count="8" type="stmt"/>
        <line num="140" count="8" type="stmt"/>
        <line num="141" count="1020" type="stmt"/>
        <line num="142" count="1020" type="cond" truecount="2" falsecount="0"/>
        <line num="143" count="113" type="stmt"/>
        <line num="148" count="8" type="stmt"/>
      </file>
    </package>
    <package name="src.services">
      <metrics statements="43" coveredstatements="40" conditionals="20" coveredconditionals="14" methods="12" coveredmethods="12"/>
      <file name="quote.service.ts" path="/home/ivo/work/quotes-app-ai-powered-2025/app/be/src/services/quote.service.ts">
        <metrics statements="35" coveredstatements="32" conditionals="20" coveredconditionals="14" methods="10" coveredmethods="10"/>
        <line num="1" count="2" type="stmt"/>
        <line num="2" count="2" type="stmt"/>
        <line num="8" count="84" type="stmt"/>
        <line num="9" count="24" type="stmt"/>
        <line num="12" count="1" type="stmt"/>
        <line num="16" count="4" type="stmt"/>
        <line num="17" count="4" type="cond" truecount="2" falsecount="0"/>
        <line num="18" count="2" type="stmt"/>
        <line num="20" count="2" type="stmt"/>
        <line num="24" count="3" type="stmt"/>
        <line num="34" count="2" type="stmt"/>
        <line num="37" count="1" type="stmt"/>
        <line num="38" count="1" type="cond" truecount="1" falsecount="1"/>
        <line num="39" count="1" type="stmt"/>
        <line num="41" count="1" type="cond" truecount="1" falsecount="1"/>
        <line num="42" count="0" type="stmt"/>
        <line num="44" count="1" type="cond" truecount="1" falsecount="1"/>
        <line num="45" count="0" type="cond" truecount="0" falsecount="2"/>
        <line num="48" count="1" type="stmt"/>
        <line num="49" count="1" type="cond" truecount="1" falsecount="1"/>
        <line num="50" count="0" type="stmt"/>
        <line num="53" count="1" type="stmt"/>
        <line num="57" count="2" type="stmt"/>
        <line num="58" count="2" type="cond" truecount="2" falsecount="0"/>
        <line num="59" count="1" type="stmt"/>
        <line num="64" count="24" type="stmt"/>
        <line num="65" count="24" type="cond" truecount="2" falsecount="0"/>
        <line num="66" count="2" type="stmt"/>
        <line num="68" count="22" type="stmt"/>
        <line num="72" count="28" type="stmt"/>
        <line num="73" count="28" type="cond" truecount="2" falsecount="0"/>
        <line num="74" count="1" type="stmt"/>
        <line num="76" count="27" type="stmt"/>
        <line num="80" count="1" type="stmt"/>
        <line num="84" count="1" type="stmt"/>
      </file>
      <file name="version.service.ts" path="/home/ivo/work/quotes-app-ai-powered-2025/app/be/src/services/version.service.ts">
        <metrics statements="8" coveredstatements="8" conditionals="0" coveredconditionals="0" methods="2" coveredmethods="2"/>
        <line num="1" count="1" type="stmt"/>
        <line num="2" count="1" type="stmt"/>
        <line num="3" count="1" type="stmt"/>
        <line num="6" count="4" type="stmt"/>
        <line num="10" count="2" type="stmt"/>
        <line num="11" count="2" type="stmt"/>
        <line num="12" count="2" type="stmt"/>
        <line num="16" count="1" type="stmt"/>
      </file>
    </package>
  </project>
</coverage>
