{"/home/ivo/work/quotes-app-ai-powered-2025/app/be/src/data-source.ts": {"path":"/home/ivo/work/quotes-app-ai-powered-2025/app/be/src/data-source.ts","statementMap":{"0":{"start":{"line":4,"column":21},"end":{"line":4,"column":null}},"1":{"start":{"line":5,"column":22},"end":{"line":5,"column":null}},"2":{"start":{"line":7,"column":29},"end":{"line":25,"column":3}}},"fnMap":{},"branchMap":{"0":{"loc":{"start":{"line":9,"column":8},"end":{"line":9,"column":null}},"type":"binary-expr","locations":[{"start":{"line":9,"column":8},"end":{"line":9,"column":33}},{"start":{"line":9,"column":37},"end":{"line":9,"column":null}}]},"1":{"loc":{"start":{"line":10,"column":17},"end":{"line":10,"column":null}},"type":"binary-expr","locations":[{"start":{"line":10,"column":17},"end":{"line":10,"column":42}},{"start":{"line":10,"column":46},"end":{"line":10,"column":null}}]},"2":{"loc":{"start":{"line":11,"column":12},"end":{"line":11,"column":null}},"type":"binary-expr","locations":[{"start":{"line":11,"column":12},"end":{"line":11,"column":37}},{"start":{"line":11,"column":41},"end":{"line":11,"column":null}}]},"3":{"loc":{"start":{"line":12,"column":12},"end":{"line":12,"column":null}},"type":"binary-expr","locations":[{"start":{"line":12,"column":12},"end":{"line":12,"column":41}},{"start":{"line":12,"column":45},"end":{"line":12,"column":null}}]},"4":{"loc":{"start":{"line":13,"column":12},"end":{"line":13,"column":null}},"type":"binary-expr","locations":[{"start":{"line":13,"column":12},"end":{"line":13,"column":35}},{"start":{"line":13,"column":39},"end":{"line":13,"column":null}}]},"5":{"loc":{"start":{"line":15,"column":14},"end":{"line":15,"column":null}},"type":"cond-expr","locations":[{"start":{"line":15,"column":29},"end":{"line":15,"column":56}},{"start":{"line":15,"column":56},"end":{"line":15,"column":null}}]},"6":{"loc":{"start":{"line":19,"column":7},"end":{"line":19,"column":null}},"type":"cond-expr","locations":[{"start":{"line":19,"column":22},"end":{"line":19,"column":54}},{"start":{"line":19,"column":54},"end":{"line":19,"column":null}}]},"7":{"loc":{"start":{"line":21,"column":9},"end":{"line":21,"column":null}},"type":"cond-expr","locations":[{"start":{"line":21,"column":24},"end":{"line":21,"column":29}},{"start":{"line":21,"column":29},"end":{"line":21,"column":null}}]},"8":{"loc":{"start":{"line":22,"column":23},"end":{"line":22,"column":null}},"type":"cond-expr","locations":[{"start":{"line":22,"column":38},"end":{"line":22,"column":46}},{"start":{"line":22,"column":46},"end":{"line":22,"column":null}}]},"9":{"loc":{"start":{"line":23,"column":29},"end":{"line":23,"column":null}},"type":"cond-expr","locations":[{"start":{"line":23,"column":44},"end":{"line":23,"column":51}},{"start":{"line":23,"column":51},"end":{"line":23,"column":null}}]}},"s":{"0":0,"1":0,"2":0},"f":{},"b":{"0":[0,0],"1":[0,0],"2":[0,0],"3":[0,0],"4":[0,0],"5":[0,0],"6":[0,0],"7":[0,0],"8":[0,0],"9":[0,0]}}
,"/home/ivo/work/quotes-app-ai-powered-2025/app/be/src/main.ts": {"path":"/home/ivo/work/quotes-app-ai-powered-2025/app/be/src/main.ts","statementMap":{"0":{"start":{"line":5,"column":14},"end":{"line":5,"column":null}},"1":{"start":{"line":6,"column":2},"end":{"line":6,"column":null}},"2":{"start":{"line":8,"column":0},"end":{"line":8,"column":null}}},"fnMap":{"0":{"name":"bootstrap","decl":{"start":{"line":4,"column":15},"end":{"line":4,"column":null}},"loc":{"start":{"line":4,"column":15},"end":{"line":7,"column":null}}}},"branchMap":{"0":{"loc":{"start":{"line":6,"column":19},"end":{"line":6,"column":null}},"type":"binary-expr","locations":[{"start":{"line":6,"column":19},"end":{"line":6,"column":35}},{"start":{"line":6,"column":39},"end":{"line":6,"column":null}}]}},"s":{"0":0,"1":0,"2":0},"f":{"0":0},"b":{"0":[0,0]}}
,"/home/ivo/work/quotes-app-ai-powered-2025/app/be/src/common/filters/http-exception.filter.ts": {"path":"/home/ivo/work/quotes-app-ai-powered-2025/app/be/src/common/filters/http-exception.filter.ts","statementMap":{"0":{"start":{"line":22,"column":16},"end":{"line":22,"column":null}},"1":{"start":{"line":23,"column":21},"end":{"line":23,"column":null}},"2":{"start":{"line":24,"column":20},"end":{"line":24,"column":null}},"3":{"start":{"line":25,"column":19},"end":{"line":25,"column":null}},"4":{"start":{"line":27,"column":49},"end":{"line":34,"column":null}},"5":{"start":{"line":36,"column":4},"end":{"line":36,"column":null}},"6":{"start":{"line":43,"column":16},"end":{"line":43,"column":null}},"7":{"start":{"line":44,"column":21},"end":{"line":44,"column":null}},"8":{"start":{"line":45,"column":20},"end":{"line":45,"column":null}},"9":{"start":{"line":47,"column":17},"end":{"line":47,"column":49}},"10":{"start":{"line":48,"column":18},"end":{"line":48,"column":null}},"11":{"start":{"line":50,"column":4},"end":{"line":55,"column":null}},"12":{"start":{"line":51,"column":6},"end":{"line":51,"column":null}},"13":{"start":{"line":52,"column":6},"end":{"line":52,"column":null}},"14":{"start":{"line":53,"column":11},"end":{"line":55,"column":null}},"15":{"start":{"line":54,"column":6},"end":{"line":54,"column":null}},"16":{"start":{"line":57,"column":49},"end":{"line":64,"column":null}},"17":{"start":{"line":66,"column":4},"end":{"line":66,"column":null}}},"fnMap":{"0":{"name":"(anonymous_1)","decl":{"start":{"line":21,"column":2},"end":{"line":21,"column":8}},"loc":{"start":{"line":21,"column":55},"end":{"line":37,"column":null}}},"1":{"name":"(anonymous_2)","decl":{"start":{"line":42,"column":2},"end":{"line":42,"column":8}},"loc":{"start":{"line":42,"column":49},"end":{"line":67,"column":null}}}},"branchMap":{"0":{"loc":{"start":{"line":30,"column":15},"end":{"line":30,"column":null}},"type":"binary-expr","locations":[{"start":{"line":30,"column":15},"end":{"line":30,"column":32}},{"start":{"line":30,"column":36},"end":{"line":30,"column":null}}]},"1":{"loc":{"start":{"line":50,"column":4},"end":{"line":55,"column":null}},"type":"if","locations":[{"start":{"line":50,"column":4},"end":{"line":55,"column":null}},{"start":{"line":53,"column":11},"end":{"line":55,"column":null}}]},"2":{"loc":{"start":{"line":53,"column":11},"end":{"line":55,"column":null}},"type":"if","locations":[{"start":{"line":53,"column":11},"end":{"line":55,"column":null}},{"start":{},"end":{}}]}},"s":{"0":0,"1":0,"2":0,"3":0,"4":0,"5":0,"6":0,"7":0,"8":0,"9":0,"10":0,"11":0,"12":0,"13":0,"14":0,"15":0,"16":0,"17":0},"f":{"0":0,"1":0},"b":{"0":[0,0],"1":[0,0],"2":[0,0]}}
,"/home/ivo/work/quotes-app-ai-powered-2025/app/be/src/common/interceptors/response.interceptor.ts": {"path":"/home/ivo/work/quotes-app-ai-powered-2025/app/be/src/common/interceptors/response.interceptor.ts","statementMap":{"0":{"start":{"line":17,"column":13},"end":{"line":17,"column":null}},"1":{"start":{"line":6,"column":7},"end":{"line":6,"column":null}},"2":{"start":{"line":8,"column":20},"end":{"line":8,"column":null}},"3":{"start":{"line":19,"column":4},"end":{"line":24,"column":null}},"4":{"start":{"line":20,"column":21},"end":{"line":24,"column":null}}},"fnMap":{"0":{"name":"(anonymous_2)","decl":{"start":{"line":18,"column":2},"end":{"line":18,"column":12}},"loc":{"start":{"line":18,"column":91},"end":{"line":26,"column":null}}},"1":{"name":"(anonymous_3)","decl":{"start":{"line":20,"column":10},"end":{"line":20,"column":11}},"loc":{"start":{"line":20,"column":21},"end":{"line":24,"column":null}}}},"branchMap":{},"s":{"0":6,"1":1,"2":1,"3":3,"4":3},"f":{"0":3,"1":3},"b":{}}
,"/home/ivo/work/quotes-app-ai-powered-2025/app/be/src/common/middleware/middleware.module.ts": {"path":"/home/ivo/work/quotes-app-ai-powered-2025/app/be/src/common/middleware/middleware.module.ts","statementMap":{"0":{"start":{"line":5,"column":13},"end":{"line":5,"column":null}},"1":{"start":{"line":1,"column":55},"end":{"line":1,"column":null}},"2":{"start":{"line":2,"column":54},"end":{"line":2,"column":null}},"3":{"start":{"line":8,"column":4},"end":{"line":10,"column":null}}},"fnMap":{"0":{"name":"(anonymous_2)","decl":{"start":{"line":6,"column":2},"end":{"line":6,"column":12}},"loc":{"start":{"line":6,"column":42},"end":{"line":11,"column":null}}}},"branchMap":{},"s":{"0":6,"1":1,"2":1,"3":0},"f":{"0":0},"b":{}}
,"/home/ivo/work/quotes-app-ai-powered-2025/app/be/src/common/middleware/rate-limit.middleware.ts": {"path":"/home/ivo/work/quotes-app-ai-powered-2025/app/be/src/common/middleware/rate-limit.middleware.ts","statementMap":{"0":{"start":{"line":154,"column":13},"end":{"line":154,"column":null}},"1":{"start":{"line":20,"column":13},"end":{"line":20,"column":null}},"2":{"start":{"line":1,"column":70},"end":{"line":1,"column":null}},"3":{"start":{"line":21,"column":34},"end":{"line":21,"column":37}},"4":{"start":{"line":25,"column":4},"end":{"line":31,"column":null}},"5":{"start":{"line":35,"column":16},"end":{"line":35,"column":null}},"6":{"start":{"line":36,"column":16},"end":{"line":36,"column":null}},"7":{"start":{"line":37,"column":24},"end":{"line":37,"column":50}},"8":{"start":{"line":40,"column":4},"end":{"line":40,"column":null}},"9":{"start":{"line":43,"column":4},"end":{"line":48,"column":null}},"10":{"start":{"line":44,"column":6},"end":{"line":47,"column":null}},"11":{"start":{"line":50,"column":18},"end":{"line":50,"column":33}},"12":{"start":{"line":53,"column":4},"end":{"line":56,"column":null}},"13":{"start":{"line":54,"column":6},"end":{"line":54,"column":null}},"14":{"start":{"line":55,"column":6},"end":{"line":55,"column":null}},"15":{"start":{"line":59,"column":4},"end":{"line":85,"column":null}},"16":{"start":{"line":60,"column":25},"end":{"line":60,"column":null}},"17":{"start":{"line":62,"column":6},"end":{"line":67,"column":null}},"18":{"start":{"line":69,"column":6},"end":{"line":83,"column":null}},"19":{"start":{"line":88,"column":4},"end":{"line":88,"column":null}},"20":{"start":{"line":91,"column":22},"end":{"line":91,"column":null}},"21":{"start":{"line":92,"column":4},"end":{"line":96,"column":null}},"22":{"start":{"line":98,"column":4},"end":{"line":98,"column":null}},"23":{"start":{"line":103,"column":15},"end":{"line":103,"column":null}},"24":{"start":{"line":104,"column":4},"end":{"line":104,"column":null}},"25":{"start":{"line":108,"column":4},"end":{"line":112,"column":null}},"26":{"start":{"line":109,"column":6},"end":{"line":111,"column":null}},"27":{"start":{"line":110,"column":8},"end":{"line":110,"column":null}},"28":{"start":{"line":119,"column":18},"end":{"line":119,"column":33}},"29":{"start":{"line":120,"column":4},"end":{"line":122,"column":null}},"30":{"start":{"line":121,"column":6},"end":{"line":121,"column":null}},"31":{"start":{"line":124,"column":16},"end":{"line":124,"column":null}},"32":{"start":{"line":125,"column":4},"end":{"line":127,"column":null}},"33":{"start":{"line":126,"column":6},"end":{"line":126,"column":19}},"34":{"start":{"line":129,"column":4},"end":{"line":133,"column":null}},"35":{"start":{"line":140,"column":4},"end":{"line":140,"column":null}},"36":{"start":{"line":147,"column":4},"end":{"line":147,"column":null}},"37":{"start":{"line":160,"column":4},"end":{"line":164,"column":null}},"38":{"start":{"line":172,"column":4},"end":{"line":176,"column":null}},"39":{"start":{"line":184,"column":4},"end":{"line":188,"column":null}},"40":{"start":{"line":195,"column":4},"end":{"line":195,"column":null}}},"fnMap":{"0":{"name":"(anonymous_5)","decl":{"start":{"line":24,"column":2},"end":{"line":24,"column":14}},"loc":{"start":{"line":24,"column":39},"end":{"line":32,"column":null}}},"1":{"name":"(anonymous_6)","decl":{"start":{"line":34,"column":2},"end":{"line":34,"column":6}},"loc":{"start":{"line":34,"column":61},"end":{"line":99,"column":null}}},"2":{"name":"(anonymous_7)","decl":{"start":{"line":101,"column":10},"end":{"line":101,"column":17}},"loc":{"start":{"line":101,"column":39},"end":{"line":105,"column":null}}},"3":{"name":"(anonymous_8)","decl":{"start":{"line":107,"column":10},"end":{"line":107,"column":32}},"loc":{"start":{"line":107,"column":59},"end":{"line":113,"column":null}}},"4":{"name":"(anonymous_9)","decl":{"start":{"line":108,"column":36},"end":{"line":108,"column":null}},"loc":{"start":{"line":108,"column":36},"end":{"line":112,"column":null}}},"5":{"name":"(anonymous_10)","decl":{"start":{"line":118,"column":2},"end":{"line":118,"column":12}},"loc":{"start":{"line":118,"column":89},"end":{"line":134,"column":null}}},"6":{"name":"(anonymous_11)","decl":{"start":{"line":139,"column":2},"end":{"line":139,"column":8}},"loc":{"start":{"line":139,"column":27},"end":{"line":141,"column":null}}},"7":{"name":"(anonymous_12)","decl":{"start":{"line":146,"column":2},"end":{"line":146,"column":34}},"loc":{"start":{"line":146,"column":34},"end":{"line":148,"column":null}}},"8":{"name":"(anonymous_13)","decl":{"start":{"line":159,"column":2},"end":{"line":159,"column":9}},"loc":{"start":{"line":159,"column":49},"end":{"line":165,"column":null}}},"9":{"name":"(anonymous_14)","decl":{"start":{"line":171,"column":2},"end":{"line":171,"column":9}},"loc":{"start":{"line":171,"column":46},"end":{"line":177,"column":null}}},"10":{"name":"(anonymous_15)","decl":{"start":{"line":183,"column":2},"end":{"line":183,"column":9}},"loc":{"start":{"line":183,"column":51},"end":{"line":189,"column":null}}},"11":{"name":"(anonymous_16)","decl":{"start":{"line":194,"column":2},"end":{"line":194,"column":9}},"loc":{"start":{"line":194,"column":62},"end":{"line":196,"column":null}}}},"branchMap":{"0":{"loc":{"start":{"line":28,"column":15},"end":{"line":28,"column":null}},"type":"binary-expr","locations":[{"start":{"line":28,"column":15},"end":{"line":28,"column":29}},{"start":{"line":28,"column":33},"end":{"line":28,"column":null}}]},"1":{"loc":{"start":{"line":29,"column":30},"end":{"line":29,"column":null}},"type":"binary-expr","locations":[{"start":{"line":29,"column":30},"end":{"line":29,"column":59}},{"start":{"line":29,"column":63},"end":{"line":29,"column":null}}]},"2":{"loc":{"start":{"line":30,"column":26},"end":{"line":30,"column":null}},"type":"binary-expr","locations":[{"start":{"line":30,"column":26},"end":{"line":30,"column":51}},{"start":{"line":30,"column":55},"end":{"line":30,"column":null}}]},"3":{"loc":{"start":{"line":43,"column":4},"end":{"line":48,"column":null}},"type":"if","locations":[{"start":{"line":43,"column":4},"end":{"line":48,"column":null}},{"start":{},"end":{}}]},"4":{"loc":{"start":{"line":53,"column":4},"end":{"line":56,"column":null}},"type":"if","locations":[{"start":{"line":53,"column":4},"end":{"line":56,"column":null}},{"start":{},"end":{}}]},"5":{"loc":{"start":{"line":59,"column":4},"end":{"line":85,"column":null}},"type":"if","locations":[{"start":{"line":59,"column":4},"end":{"line":85,"column":null}},{"start":{},"end":{}}]},"6":{"loc":{"start":{"line":103,"column":15},"end":{"line":103,"column":null}},"type":"binary-expr","locations":[{"start":{"line":103,"column":15},"end":{"line":103,"column":21}},{"start":{"line":103,"column":25},"end":{"line":103,"column":58}},{"start":{"line":103,"column":58},"end":{"line":103,"column":null}}]},"7":{"loc":{"start":{"line":109,"column":6},"end":{"line":111,"column":null}},"type":"if","locations":[{"start":{"line":109,"column":6},"end":{"line":111,"column":null}},{"start":{},"end":{}}]},"8":{"loc":{"start":{"line":120,"column":4},"end":{"line":122,"column":null}},"type":"if","locations":[{"start":{"line":120,"column":4},"end":{"line":122,"column":null}},{"start":{},"end":{}}]},"9":{"loc":{"start":{"line":125,"column":4},"end":{"line":127,"column":null}},"type":"if","locations":[{"start":{"line":125,"column":4},"end":{"line":127,"column":null}},{"start":{},"end":{}}]}},"s":{"0":7,"1":16,"2":2,"3":18,"4":18,"5":31,"6":31,"7":31,"8":31,"9":31,"10":14,"11":31,"12":31,"13":1,"14":1,"15":31,"16":7,"17":7,"18":7,"19":24,"20":24,"21":24,"22":24,"23":31,"24":31,"25":31,"26":20,"27":0,"28":2,"29":2,"30":1,"31":1,"32":1,"33":0,"34":1,"35":1,"36":1,"37":3,"38":1,"39":1,"40":1},"f":{"0":18,"1":31,"2":31,"3":31,"4":20,"5":2,"6":1,"7":1,"8":3,"9":1,"10":1,"11":1},"b":{"0":[18,9],"1":[18,18],"2":[18,18],"3":[14,17],"4":[1,30],"5":[7,24],"6":[31,2,1],"7":[0,20],"8":[1,1],"9":[0,1]}}
,"/home/ivo/work/quotes-app-ai-powered-2025/app/be/src/common/validators/no-semicolon.validator.ts": {"path":"/home/ivo/work/quotes-app-ai-powered-2025/app/be/src/common/validators/no-semicolon.validator.ts","statementMap":{"0":{"start":{"line":41,"column":16},"end":{"line":41,"column":28}},"1":{"start":{"line":20,"column":13},"end":{"line":20,"column":null}},"2":{"start":{"line":7,"column":7},"end":{"line":7,"column":null}},"3":{"start":{"line":23,"column":4},"end":{"line":25,"column":null}},"4":{"start":{"line":24,"column":6},"end":{"line":24,"column":null}},"5":{"start":{"line":28,"column":4},"end":{"line":30,"column":null}},"6":{"start":{"line":29,"column":6},"end":{"line":29,"column":null}},"7":{"start":{"line":33,"column":4},"end":{"line":33,"column":null}},"8":{"start":{"line":37,"column":4},"end":{"line":37,"column":null}},"9":{"start":{"line":42,"column":2},"end":{"line":50,"column":null}},"10":{"start":{"line":43,"column":4},"end":{"line":49,"column":null}}},"fnMap":{"0":{"name":"(anonymous_4)","decl":{"start":{"line":21,"column":2},"end":{"line":21,"column":11}},"loc":{"start":{"line":21,"column":50},"end":{"line":34,"column":null}}},"1":{"name":"(anonymous_5)","decl":{"start":{"line":36,"column":2},"end":{"line":36,"column":17}},"loc":{"start":{"line":36,"column":44},"end":{"line":38,"column":null}}},"2":{"name":"NoSemicolon","decl":{"start":{"line":41,"column":16},"end":{"line":41,"column":28}},"loc":{"start":{"line":41,"column":65},"end":{"line":51,"column":null}}},"3":{"name":"(anonymous_7)","decl":{"start":{"line":42,"column":9},"end":{"line":42,"column":19}},"loc":{"start":{"line":42,"column":55},"end":{"line":50,"column":null}}}},"branchMap":{"0":{"loc":{"start":{"line":23,"column":4},"end":{"line":25,"column":null}},"type":"if","locations":[{"start":{"line":23,"column":4},"end":{"line":25,"column":null}},{"start":{},"end":{}}]},"1":{"loc":{"start":{"line":23,"column":8},"end":{"line":23,"column":39}},"type":"binary-expr","locations":[{"start":{"line":23,"column":8},"end":{"line":23,"column":25}},{"start":{"line":23,"column":25},"end":{"line":23,"column":39}}]},"2":{"loc":{"start":{"line":28,"column":4},"end":{"line":30,"column":null}},"type":"if","locations":[{"start":{"line":28,"column":4},"end":{"line":30,"column":null}},{"start":{},"end":{}}]}},"s":{"0":4,"1":0,"2":4,"3":43,"4":5,"5":38,"6":35,"7":3,"8":8,"9":4,"10":4},"f":{"0":43,"1":8,"2":4,"3":4},"b":{"0":[5,38],"1":[43,41],"2":[35,3]}}
,"/home/ivo/work/quotes-app-ai-powered-2025/app/be/src/common/validators/tag-sanitization.validator.ts": {"path":"/home/ivo/work/quotes-app-ai-powered-2025/app/be/src/common/validators/tag-sanitization.validator.ts","statementMap":{"0":{"start":{"line":61,"column":16},"end":{"line":61,"column":32}},"1":{"start":{"line":23,"column":13},"end":{"line":23,"column":null}},"2":{"start":{"line":92,"column":16},"end":{"line":92,"column":34}},"3":{"start":{"line":7,"column":7},"end":{"line":7,"column":null}},"4":{"start":{"line":26,"column":4},"end":{"line":28,"column":null}},"5":{"start":{"line":27,"column":6},"end":{"line":27,"column":null}},"6":{"start":{"line":31,"column":4},"end":{"line":33,"column":null}},"7":{"start":{"line":32,"column":6},"end":{"line":32,"column":null}},"8":{"start":{"line":36,"column":29},"end":{"line":36,"column":null}},"9":{"start":{"line":37,"column":4},"end":{"line":39,"column":null}},"10":{"start":{"line":38,"column":6},"end":{"line":38,"column":null}},"11":{"start":{"line":42,"column":37},"end":{"line":42,"column":null}},"12":{"start":{"line":43,"column":4},"end":{"line":45,"column":null}},"13":{"start":{"line":44,"column":6},"end":{"line":44,"column":null}},"14":{"start":{"line":48,"column":34},"end":{"line":48,"column":null}},"15":{"start":{"line":49,"column":4},"end":{"line":51,"column":null}},"16":{"start":{"line":50,"column":6},"end":{"line":50,"column":null}},"17":{"start":{"line":53,"column":4},"end":{"line":53,"column":null}},"18":{"start":{"line":57,"column":4},"end":{"line":57,"column":null}},"19":{"start":{"line":62,"column":2},"end":{"line":70,"column":null}},"20":{"start":{"line":63,"column":4},"end":{"line":69,"column":null}},"21":{"start":{"line":93,"column":2},"end":{"line":95,"column":null}},"22":{"start":{"line":94,"column":4},"end":{"line":94,"column":null}},"23":{"start":{"line":97,"column":2},"end":{"line":109,"column":null}}},"fnMap":{"0":{"name":"(anonymous_5)","decl":{"start":{"line":24,"column":2},"end":{"line":24,"column":11}},"loc":{"start":{"line":24,"column":50},"end":{"line":54,"column":null}}},"1":{"name":"(anonymous_6)","decl":{"start":{"line":56,"column":2},"end":{"line":56,"column":17}},"loc":{"start":{"line":56,"column":44},"end":{"line":58,"column":null}}},"2":{"name":"TagSanitization","decl":{"start":{"line":61,"column":16},"end":{"line":61,"column":32}},"loc":{"start":{"line":61,"column":69},"end":{"line":71,"column":null}}},"3":{"name":"(anonymous_8)","decl":{"start":{"line":62,"column":9},"end":{"line":62,"column":19}},"loc":{"start":{"line":62,"column":55},"end":{"line":70,"column":null}}},"4":{"name":"sanitizeTagString","decl":{"start":{"line":92,"column":16},"end":{"line":92,"column":34}},"loc":{"start":{"line":92,"column":47},"end":{"line":110,"column":null}}}},"branchMap":{"0":{"loc":{"start":{"line":26,"column":4},"end":{"line":28,"column":null}},"type":"if","locations":[{"start":{"line":26,"column":4},"end":{"line":28,"column":null}},{"start":{},"end":{}}]},"1":{"loc":{"start":{"line":26,"column":8},"end":{"line":26,"column":39}},"type":"binary-expr","locations":[{"start":{"line":26,"column":8},"end":{"line":26,"column":25}},{"start":{"line":26,"column":25},"end":{"line":26,"column":39}}]},"2":{"loc":{"start":{"line":31,"column":4},"end":{"line":33,"column":null}},"type":"if","locations":[{"start":{"line":31,"column":4},"end":{"line":33,"column":null}},{"start":{},"end":{}}]},"3":{"loc":{"start":{"line":37,"column":4},"end":{"line":39,"column":null}},"type":"if","locations":[{"start":{"line":37,"column":4},"end":{"line":39,"column":null}},{"start":{},"end":{}}]},"4":{"loc":{"start":{"line":43,"column":4},"end":{"line":45,"column":null}},"type":"if","locations":[{"start":{"line":43,"column":4},"end":{"line":45,"column":null}},{"start":{},"end":{}}]},"5":{"loc":{"start":{"line":49,"column":4},"end":{"line":51,"column":null}},"type":"if","locations":[{"start":{"line":49,"column":4},"end":{"line":51,"column":null}},{"start":{},"end":{}}]},"6":{"loc":{"start":{"line":93,"column":2},"end":{"line":95,"column":null}},"type":"if","locations":[{"start":{"line":93,"column":2},"end":{"line":95,"column":null}},{"start":{},"end":{}}]},"7":{"loc":{"start":{"line":93,"column":6},"end":{"line":93,"column":43}},"type":"binary-expr","locations":[{"start":{"line":93,"column":6},"end":{"line":93,"column":16}},{"start":{"line":93,"column":16},"end":{"line":93,"column":43}}]}},"s":{"0":4,"1":0,"2":12,"3":4,"4":51,"5":5,"6":46,"7":3,"8":43,"9":43,"10":2,"11":41,"12":41,"13":4,"14":37,"15":37,"16":13,"17":24,"18":13,"19":4,"20":4,"21":12,"22":4,"23":8},"f":{"0":51,"1":13,"2":4,"3":4,"4":12},"b":{"0":[5,46],"1":[51,49],"2":[3,43],"3":[2,41],"4":[4,37],"5":[13,24],"6":[4,8],"7":[12,9]}}
,"/home/ivo/work/quotes-app-ai-powered-2025/app/be/src/config/database.config.ts": {"path":"/home/ivo/work/quotes-app-ai-powered-2025/app/be/src/config/database.config.ts","statementMap":{"0":{"start":{"line":3,"column":33},"end":{"line":39,"column":2}},"1":{"start":{"line":4,"column":23},"end":{"line":4,"column":null}},"2":{"start":{"line":5,"column":24},"end":{"line":5,"column":null}},"3":{"start":{"line":6,"column":17},"end":{"line":6,"column":null}},"4":{"start":{"line":8,"column":2},"end":{"line":17,"column":null}},"5":{"start":{"line":9,"column":4},"end":{"line":16,"column":null}},"6":{"start":{"line":19,"column":2},"end":{"line":38,"column":null}}},"fnMap":{"0":{"name":"(anonymous_0)","decl":{"start":{"line":3,"column":33},"end":{"line":3,"column":null}},"loc":{"start":{"line":3,"column":33},"end":{"line":39,"column":2}}}},"branchMap":{"0":{"loc":{"start":{"line":8,"column":2},"end":{"line":17,"column":null}},"type":"if","locations":[{"start":{"line":8,"column":2},"end":{"line":17,"column":null}},{"start":{},"end":{}}]},"1":{"loc":{"start":{"line":21,"column":10},"end":{"line":21,"column":null}},"type":"binary-expr","locations":[{"start":{"line":21,"column":10},"end":{"line":21,"column":35}},{"start":{"line":21,"column":39},"end":{"line":21,"column":null}}]},"2":{"loc":{"start":{"line":22,"column":19},"end":{"line":22,"column":null}},"type":"binary-expr","locations":[{"start":{"line":22,"column":19},"end":{"line":22,"column":44}},{"start":{"line":22,"column":48},"end":{"line":22,"column":null}}]},"3":{"loc":{"start":{"line":23,"column":14},"end":{"line":23,"column":null}},"type":"binary-expr","locations":[{"start":{"line":23,"column":14},"end":{"line":23,"column":39}},{"start":{"line":23,"column":43},"end":{"line":23,"column":null}}]},"4":{"loc":{"start":{"line":24,"column":14},"end":{"line":24,"column":null}},"type":"binary-expr","locations":[{"start":{"line":24,"column":14},"end":{"line":24,"column":43}},{"start":{"line":24,"column":47},"end":{"line":24,"column":null}}]},"5":{"loc":{"start":{"line":25,"column":14},"end":{"line":25,"column":null}},"type":"binary-expr","locations":[{"start":{"line":25,"column":14},"end":{"line":25,"column":37}},{"start":{"line":25,"column":41},"end":{"line":25,"column":null}}]},"6":{"loc":{"start":{"line":31,"column":9},"end":{"line":31,"column":null}},"type":"cond-expr","locations":[{"start":{"line":31,"column":24},"end":{"line":31,"column":56}},{"start":{"line":31,"column":56},"end":{"line":31,"column":null}}]},"7":{"loc":{"start":{"line":34,"column":11},"end":{"line":34,"column":null}},"type":"cond-expr","locations":[{"start":{"line":34,"column":26},"end":{"line":34,"column":31}},{"start":{"line":34,"column":31},"end":{"line":34,"column":null}}]},"8":{"loc":{"start":{"line":35,"column":25},"end":{"line":35,"column":null}},"type":"cond-expr","locations":[{"start":{"line":35,"column":40},"end":{"line":35,"column":48}},{"start":{"line":35,"column":48},"end":{"line":35,"column":null}}]},"9":{"loc":{"start":{"line":36,"column":31},"end":{"line":36,"column":null}},"type":"cond-expr","locations":[{"start":{"line":36,"column":46},"end":{"line":36,"column":53}},{"start":{"line":36,"column":53},"end":{"line":36,"column":null}}]}},"s":{"0":0,"1":0,"2":0,"3":0,"4":0,"5":0,"6":0},"f":{"0":0},"b":{"0":[0,0],"1":[0,0],"2":[0,0],"3":[0,0],"4":[0,0],"5":[0,0],"6":[0,0],"7":[0,0],"8":[0,0],"9":[0,0]}}
,"/home/ivo/work/quotes-app-ai-powered-2025/app/be/src/controllers/quotes.controller.ts": {"path":"/home/ivo/work/quotes-app-ai-powered-2025/app/be/src/controllers/quotes.controller.ts","statementMap":{"0":{"start":{"line":20,"column":13},"end":{"line":20,"column":null}},"1":{"start":{"line":13,"column":7},"end":{"line":13,"column":null}},"2":{"start":{"line":14,"column":29},"end":{"line":14,"column":null}},"3":{"start":{"line":15,"column":31},"end":{"line":15,"column":null}},"4":{"start":{"line":16,"column":31},"end":{"line":16,"column":null}},"5":{"start":{"line":21,"column":31},"end":{"line":21,"column":57}},"6":{"start":{"line":25,"column":4},"end":{"line":25,"column":null}},"7":{"start":{"line":50,"column":4},"end":{"line":50,"column":null}},"8":{"start":{"line":74,"column":4},"end":{"line":74,"column":null}},"9":{"start":{"line":79,"column":4},"end":{"line":79,"column":null}},"10":{"start":{"line":108,"column":4},"end":{"line":108,"column":null}},"11":{"start":{"line":133,"column":4},"end":{"line":133,"column":null}},"12":{"start":{"line":139,"column":4},"end":{"line":139,"column":null}},"13":{"start":{"line":173,"column":4},"end":{"line":173,"column":null}},"14":{"start":{"line":208,"column":4},"end":{"line":208,"column":null}}},"fnMap":{"0":{"name":"(anonymous_5)","decl":{"start":{"line":21,"column":2},"end":{"line":21,"column":14}},"loc":{"start":{"line":21,"column":59},"end":{"line":21,"column":null}}},"1":{"name":"(anonymous_6)","decl":{"start":{"line":23,"column":2},"end":{"line":23,"column":null}},"loc":{"start":{"line":24,"column":23},"end":{"line":26,"column":null}}},"2":{"name":"(anonymous_7)","decl":{"start":{"line":48,"column":2},"end":{"line":48,"column":null}},"loc":{"start":{"line":49,"column":21},"end":{"line":51,"column":null}}},"3":{"name":"(anonymous_8)","decl":{"start":{"line":72,"column":2},"end":{"line":72,"column":null}},"loc":{"start":{"line":73,"column":24},"end":{"line":75,"column":null}}},"4":{"name":"(anonymous_9)","decl":{"start":{"line":77,"column":2},"end":{"line":77,"column":null}},"loc":{"start":{"line":78,"column":46},"end":{"line":80,"column":null}}},"5":{"name":"(anonymous_10)","decl":{"start":{"line":105,"column":2},"end":{"line":105,"column":null}},"loc":{"start":{"line":107,"column":74},"end":{"line":109,"column":null}}},"6":{"name":"(anonymous_11)","decl":{"start":{"line":128,"column":2},"end":{"line":128,"column":null}},"loc":{"start":{"line":132,"column":4},"end":{"line":134,"column":null}}},"7":{"name":"(anonymous_12)","decl":{"start":{"line":136,"column":2},"end":{"line":136,"column":null}},"loc":{"start":{"line":138,"column":45},"end":{"line":140,"column":null}}},"8":{"name":"(anonymous_13)","decl":{"start":{"line":170,"column":2},"end":{"line":170,"column":null}},"loc":{"start":{"line":172,"column":43},"end":{"line":174,"column":null}}},"9":{"name":"(anonymous_14)","decl":{"start":{"line":205,"column":2},"end":{"line":205,"column":null}},"loc":{"start":{"line":207,"column":45},"end":{"line":209,"column":null}}}},"branchMap":{},"s":{"0":34,"1":1,"2":1,"3":1,"4":1,"5":17,"6":1,"7":1,"8":1,"9":1,"10":1,"11":1,"12":1,"13":8,"14":7},"f":{"0":17,"1":1,"2":1,"3":1,"4":1,"5":1,"6":1,"7":1,"8":8,"9":7},"b":{}}
,"/home/ivo/work/quotes-app-ai-powered-2025/app/be/src/controllers/version.controller.ts": {"path":"/home/ivo/work/quotes-app-ai-powered-2025/app/be/src/controllers/version.controller.ts","statementMap":{"0":{"start":{"line":5,"column":13},"end":{"line":5,"column":null}},"1":{"start":{"line":1,"column":32},"end":{"line":1,"column":null}},"2":{"start":{"line":2,"column":31},"end":{"line":2,"column":null}},"3":{"start":{"line":6,"column":31},"end":{"line":6,"column":61}},"4":{"start":{"line":10,"column":4},"end":{"line":10,"column":null}}},"fnMap":{"0":{"name":"(anonymous_3)","decl":{"start":{"line":6,"column":2},"end":{"line":6,"column":14}},"loc":{"start":{"line":6,"column":63},"end":{"line":6,"column":null}}},"1":{"name":"(anonymous_4)","decl":{"start":{"line":9,"column":2},"end":{"line":9,"column":15}},"loc":{"start":{"line":9,"column":15},"end":{"line":11,"column":null}}}},"branchMap":{},"s":{"0":4,"1":1,"2":1,"3":2,"4":1},"f":{"0":2,"1":1},"b":{}}
,"/home/ivo/work/quotes-app-ai-powered-2025/app/be/src/dto/create-quote.dto.ts": {"path":"/home/ivo/work/quotes-app-ai-powered-2025/app/be/src/dto/create-quote.dto.ts","statementMap":{"0":{"start":{"line":5,"column":13},"end":{"line":5,"column":null}},"1":{"start":{"line":1,"column":72},"end":{"line":1,"column":null}},"2":{"start":{"line":2,"column":28},"end":{"line":2,"column":null}},"3":{"start":{"line":3,"column":32},"end":{"line":3,"column":null}}},"fnMap":{},"branchMap":{},"s":{"0":42,"1":3,"2":3,"3":3},"f":{},"b":{}}
,"/home/ivo/work/quotes-app-ai-powered-2025/app/be/src/dto/update-quote.dto.ts": {"path":"/home/ivo/work/quotes-app-ai-powered-2025/app/be/src/dto/update-quote.dto.ts","statementMap":{"0":{"start":{"line":4,"column":13},"end":{"line":4,"column":36}},"1":{"start":{"line":1,"column":28},"end":{"line":1,"column":null}},"2":{"start":{"line":2,"column":31},"end":{"line":2,"column":null}}},"fnMap":{},"branchMap":{},"s":{"0":30,"1":2,"2":2},"f":{},"b":{}}
,"/home/ivo/work/quotes-app-ai-powered-2025/app/be/src/entities/quote.entity.ts": {"path":"/home/ivo/work/quotes-app-ai-powered-2025/app/be/src/entities/quote.entity.ts","statementMap":{"0":{"start":{"line":5,"column":13},"end":{"line":5,"column":null}},"1":{"start":{"line":1,"column":98},"end":{"line":1,"column":null}}},"fnMap":{},"branchMap":{},"s":{"0":92,"1":4},"f":{},"b":{}}
,"/home/ivo/work/quotes-app-ai-powered-2025/app/be/src/migrations/CreateQuotesTable1680000000000.ts": {"path":"/home/ivo/work/quotes-app-ai-powered-2025/app/be/src/migrations/CreateQuotesTable1680000000000.ts","statementMap":{"0":{"start":{"line":3,"column":13},"end":{"line":3,"column":null}},"1":{"start":{"line":1,"column":55},"end":{"line":1,"column":null}},"2":{"start":{"line":5,"column":4},"end":{"line":17,"column":null}},"3":{"start":{"line":21,"column":4},"end":{"line":21,"column":null}},"4":{"start":{"line":25,"column":4},"end":{"line":25,"column":null}},"5":{"start":{"line":26,"column":4},"end":{"line":26,"column":null}}},"fnMap":{"0":{"name":"(anonymous_1)","decl":{"start":{"line":4,"column":2},"end":{"line":4,"column":15}},"loc":{"start":{"line":4,"column":59},"end":{"line":22,"column":null}}},"1":{"name":"(anonymous_2)","decl":{"start":{"line":24,"column":2},"end":{"line":24,"column":15}},"loc":{"start":{"line":24,"column":61},"end":{"line":27,"column":null}}}},"branchMap":{},"s":{"0":5,"1":1,"2":2,"3":2,"4":1,"5":1},"f":{"0":2,"1":1},"b":{}}
,"/home/ivo/work/quotes-app-ai-powered-2025/app/be/src/repositories/quote.repository.ts": {"path":"/home/ivo/work/quotes-app-ai-powered-2025/app/be/src/repositories/quote.repository.ts","statementMap":{"0":{"start":{"line":7,"column":13},"end":{"line":7,"column":null}},"1":{"start":{"line":1,"column":27},"end":{"line":1,"column":null}},"2":{"start":{"line":2,"column":33},"end":{"line":2,"column":null}},"3":{"start":{"line":3,"column":27},"end":{"line":3,"column":null}},"4":{"start":{"line":4,"column":22},"end":{"line":4,"column":null}},"5":{"start":{"line":10,"column":21},"end":{"line":10,"column":50}},"6":{"start":{"line":14,"column":4},"end":{"line":16,"column":null}},"7":{"start":{"line":20,"column":4},"end":{"line":20,"column":null}},"8":{"start":{"line":24,"column":18},"end":{"line":24,"column":null}},"9":{"start":{"line":25,"column":4},"end":{"line":25,"column":null}},"10":{"start":{"line":29,"column":4},"end":{"line":29,"column":null}},"11":{"start":{"line":30,"column":4},"end":{"line":30,"column":null}},"12":{"start":{"line":34,"column":19},"end":{"line":34,"column":null}},"13":{"start":{"line":35,"column":4},"end":{"line":35,"column":null}},"14":{"start":{"line":40,"column":19},"end":{"line":50,"column":null}},"15":{"start":{"line":44,"column":26},"end":{"line":44,"column":null}},"16":{"start":{"line":45,"column":26},"end":{"line":45,"column":null}},"17":{"start":{"line":53,"column":4},"end":{"line":53,"column":null}},"18":{"start":{"line":58,"column":19},"end":{"line":67,"column":null}},"19":{"start":{"line":62,"column":26},"end":{"line":62,"column":null}},"20":{"start":{"line":63,"column":26},"end":{"line":63,"column":null}},"21":{"start":{"line":70,"column":4},"end":{"line":70,"column":null}},"22":{"start":{"line":92,"column":19},"end":{"line":95,"column":null}},"23":{"start":{"line":97,"column":20},"end":{"line":108,"column":34}},"24":{"start":{"line":98,"column":20},"end":{"line":98,"column":30}},"25":{"start":{"line":99,"column":22},"end":{"line":99,"column":null}},"26":{"start":{"line":102,"column":8},"end":{"line":105,"column":38}},"27":{"start":{"line":104,"column":22},"end":{"line":104,"column":null}},"28":{"start":{"line":105,"column":25},"end":{"line":105,"column":38}},"29":{"start":{"line":107,"column":18},"end":{"line":107,"column":37}},"30":{"start":{"line":108,"column":21},"end":{"line":108,"column":34}},"31":{"start":{"line":111,"column":4},"end":{"line":111,"column":null}},"32":{"start":{"line":130,"column":19},"end":{"line":132,"column":null}},"33":{"start":{"line":134,"column":23},"end":{"line":136,"column":null}},"34":{"start":{"line":135,"column":20},"end":{"line":135,"column":null}},"35":{"start":{"line":136,"column":24},"end":{"line":136,"column":null}},"36":{"start":{"line":139,"column":26},"end":{"line":139,"column":null}},"37":{"start":{"line":140,"column":4},"end":{"line":145,"column":null}},"38":{"start":{"line":141,"column":23},"end":{"line":141,"column":null}},"39":{"start":{"line":142,"column":6},"end":{"line":144,"column":null}},"40":{"start":{"line":143,"column":8},"end":{"line":143,"column":null}},"41":{"start":{"line":148,"column":4},"end":{"line":148,"column":null}}},"fnMap":{"0":{"name":"(anonymous_5)","decl":{"start":{"line":8,"column":2},"end":{"line":8,"column":null}},"loc":{"start":{"line":11,"column":4},"end":{"line":11,"column":null}}},"1":{"name":"(anonymous_6)","decl":{"start":{"line":13,"column":2},"end":{"line":13,"column":8}},"loc":{"start":{"line":13,"column":36},"end":{"line":17,"column":null}}},"2":{"name":"(anonymous_7)","decl":{"start":{"line":19,"column":2},"end":{"line":19,"column":8}},"loc":{"start":{"line":19,"column":52},"end":{"line":21,"column":null}}},"3":{"name":"(anonymous_8)","decl":{"start":{"line":23,"column":2},"end":{"line":23,"column":8}},"loc":{"start":{"line":23,"column":58},"end":{"line":26,"column":null}}},"4":{"name":"(anonymous_9)","decl":{"start":{"line":28,"column":2},"end":{"line":28,"column":8}},"loc":{"start":{"line":28,"column":78},"end":{"line":31,"column":null}}},"5":{"name":"(anonymous_10)","decl":{"start":{"line":33,"column":2},"end":{"line":33,"column":8}},"loc":{"start":{"line":33,"column":45},"end":{"line":36,"column":null}}},"6":{"name":"(anonymous_11)","decl":{"start":{"line":38,"column":2},"end":{"line":38,"column":8}},"loc":{"start":{"line":38,"column":62},"end":{"line":54,"column":null}}},"7":{"name":"(anonymous_12)","decl":{"start":{"line":44,"column":20},"end":{"line":44,"column":26}},"loc":{"start":{"line":44,"column":26},"end":{"line":44,"column":null}}},"8":{"name":"(anonymous_13)","decl":{"start":{"line":45,"column":20},"end":{"line":45,"column":26}},"loc":{"start":{"line":45,"column":26},"end":{"line":45,"column":null}}},"9":{"name":"(anonymous_14)","decl":{"start":{"line":56,"column":2},"end":{"line":56,"column":8}},"loc":{"start":{"line":56,"column":62},"end":{"line":71,"column":null}}},"10":{"name":"(anonymous_15)","decl":{"start":{"line":62,"column":20},"end":{"line":62,"column":26}},"loc":{"start":{"line":62,"column":26},"end":{"line":62,"column":null}}},"11":{"name":"(anonymous_16)","decl":{"start":{"line":63,"column":20},"end":{"line":63,"column":26}},"loc":{"start":{"line":63,"column":26},"end":{"line":63,"column":null}}},"12":{"name":"(anonymous_17)","decl":{"start":{"line":90,"column":2},"end":{"line":90,"column":8}},"loc":{"start":{"line":90,"column":41},"end":{"line":112,"column":null}}},"13":{"name":"(anonymous_18)","decl":{"start":{"line":98,"column":11},"end":{"line":98,"column":20}},"loc":{"start":{"line":98,"column":20},"end":{"line":98,"column":30}}},"14":{"name":"(anonymous_19)","decl":{"start":{"line":99,"column":14},"end":{"line":99,"column":22}},"loc":{"start":{"line":99,"column":22},"end":{"line":99,"column":null}}},"15":{"name":"(anonymous_20)","decl":{"start":{"line":100,"column":15},"end":{"line":100,"column":null}},"loc":{"start":{"line":100,"column":15},"end":{"line":106,"column":null}}},"16":{"name":"(anonymous_21)","decl":{"start":{"line":104,"column":15},"end":{"line":104,"column":22}},"loc":{"start":{"line":104,"column":22},"end":{"line":104,"column":null}}},"17":{"name":"(anonymous_22)","decl":{"start":{"line":105,"column":18},"end":{"line":105,"column":25}},"loc":{"start":{"line":105,"column":25},"end":{"line":105,"column":38}}},"18":{"name":"(anonymous_23)","decl":{"start":{"line":107,"column":11},"end":{"line":107,"column":18}},"loc":{"start":{"line":107,"column":18},"end":{"line":107,"column":37}}},"19":{"name":"(anonymous_24)","decl":{"start":{"line":108,"column":14},"end":{"line":108,"column":21}},"loc":{"start":{"line":108,"column":21},"end":{"line":108,"column":34}}},"20":{"name":"(anonymous_25)","decl":{"start":{"line":129,"column":2},"end":{"line":129,"column":8}},"loc":{"start":{"line":129,"column":44},"end":{"line":149,"column":null}}},"21":{"name":"(anonymous_26)","decl":{"start":{"line":135,"column":11},"end":{"line":135,"column":20}},"loc":{"start":{"line":135,"column":20},"end":{"line":135,"column":null}}},"22":{"name":"(anonymous_27)","decl":{"start":{"line":136,"column":14},"end":{"line":136,"column":24}},"loc":{"start":{"line":136,"column":24},"end":{"line":136,"column":null}}},"23":{"name":"(anonymous_28)","decl":{"start":{"line":140,"column":23},"end":{"line":140,"column":null}},"loc":{"start":{"line":140,"column":23},"end":{"line":145,"column":null}}}},"branchMap":{"0":{"loc":{"start":{"line":53,"column":11},"end":{"line":53,"column":null}},"type":"cond-expr","locations":[{"start":{"line":53,"column":33},"end":{"line":53,"column":46}},{"start":{"line":53,"column":49},"end":{"line":53,"column":null}}]},"1":{"loc":{"start":{"line":70,"column":11},"end":{"line":70,"column":null}},"type":"cond-expr","locations":[{"start":{"line":70,"column":33},"end":{"line":70,"column":46}},{"start":{"line":70,"column":49},"end":{"line":70,"column":null}}]},"2":{"loc":{"start":{"line":99,"column":22},"end":{"line":99,"column":null}},"type":"binary-expr","locations":[{"start":{"line":99,"column":22},"end":{"line":99,"column":30}},{"start":{"line":99,"column":30},"end":{"line":99,"column":null}}]},"3":{"loc":{"start":{"line":142,"column":6},"end":{"line":144,"column":null}},"type":"if","locations":[{"start":{"line":142,"column":6},"end":{"line":144,"column":null}},{"start":{},"end":{}}]}},"s":{"0":118,"1":3,"2":3,"3":3,"4":3,"5":33,"6":1,"7":3,"8":1,"9":1,"10":1,"11":1,"12":2,"13":2,"14":2,"15":0,"16":0,"17":2,"18":2,"19":0,"20":0,"21":2,"22":14,"23":14,"24":1044,"25":1044,"26":1037,"27":3105,"28":3105,"29":3060,"30":3060,"31":14,"32":8,"33":8,"34":1025,"35":1025,"36":8,"37":8,"38":1020,"39":1020,"40":113,"41":8},"f":{"0":33,"1":1,"2":3,"3":1,"4":1,"5":2,"6":2,"7":0,"8":0,"9":2,"10":0,"11":0,"12":14,"13":1044,"14":1044,"15":1037,"16":3105,"17":3105,"18":3060,"19":3060,"20":8,"21":1025,"22":1025,"23":1020},"b":{"0":[1,1],"1":[2,0],"2":[1044,1038],"3":[113,907]}}
,"/home/ivo/work/quotes-app-ai-powered-2025/app/be/src/services/quote.service.ts": {"path":"/home/ivo/work/quotes-app-ai-powered-2025/app/be/src/services/quote.service.ts","statementMap":{"0":{"start":{"line":8,"column":13},"end":{"line":8,"column":null}},"1":{"start":{"line":1,"column":46},"end":{"line":1,"column":null}},"2":{"start":{"line":2,"column":32},"end":{"line":2,"column":null}},"3":{"start":{"line":9,"column":31},"end":{"line":9,"column":63}},"4":{"start":{"line":12,"column":4},"end":{"line":12,"column":null}},"5":{"start":{"line":16,"column":18},"end":{"line":16,"column":null}},"6":{"start":{"line":17,"column":4},"end":{"line":19,"column":null}},"7":{"start":{"line":18,"column":6},"end":{"line":18,"column":null}},"8":{"start":{"line":20,"column":4},"end":{"line":20,"column":null}},"9":{"start":{"line":24,"column":4},"end":{"line":29,"column":null}},"10":{"start":{"line":34,"column":4},"end":{"line":34,"column":null}},"11":{"start":{"line":37,"column":46},"end":{"line":37,"column":null}},"12":{"start":{"line":38,"column":4},"end":{"line":40,"column":null}},"13":{"start":{"line":39,"column":6},"end":{"line":39,"column":null}},"14":{"start":{"line":41,"column":4},"end":{"line":43,"column":null}},"15":{"start":{"line":42,"column":6},"end":{"line":42,"column":null}},"16":{"start":{"line":44,"column":4},"end":{"line":46,"column":null}},"17":{"start":{"line":45,"column":6},"end":{"line":45,"column":null}},"18":{"start":{"line":48,"column":25},"end":{"line":48,"column":null}},"19":{"start":{"line":49,"column":4},"end":{"line":51,"column":null}},"20":{"start":{"line":50,"column":6},"end":{"line":50,"column":null}},"21":{"start":{"line":53,"column":4},"end":{"line":53,"column":null}},"22":{"start":{"line":57,"column":20},"end":{"line":57,"column":null}},"23":{"start":{"line":58,"column":4},"end":{"line":60,"column":null}},"24":{"start":{"line":59,"column":6},"end":{"line":59,"column":null}},"25":{"start":{"line":64,"column":25},"end":{"line":64,"column":null}},"26":{"start":{"line":65,"column":4},"end":{"line":67,"column":null}},"27":{"start":{"line":66,"column":6},"end":{"line":66,"column":null}},"28":{"start":{"line":68,"column":4},"end":{"line":68,"column":null}},"29":{"start":{"line":72,"column":25},"end":{"line":72,"column":null}},"30":{"start":{"line":73,"column":4},"end":{"line":75,"column":null}},"31":{"start":{"line":74,"column":6},"end":{"line":74,"column":null}},"32":{"start":{"line":76,"column":4},"end":{"line":76,"column":null}},"33":{"start":{"line":80,"column":4},"end":{"line":80,"column":null}},"34":{"start":{"line":84,"column":4},"end":{"line":84,"column":null}}},"fnMap":{"0":{"name":"(anonymous_3)","decl":{"start":{"line":9,"column":2},"end":{"line":9,"column":14}},"loc":{"start":{"line":9,"column":65},"end":{"line":9,"column":null}}},"1":{"name":"(anonymous_4)","decl":{"start":{"line":11,"column":2},"end":{"line":11,"column":8}},"loc":{"start":{"line":11,"column":41},"end":{"line":13,"column":null}}},"2":{"name":"(anonymous_5)","decl":{"start":{"line":15,"column":2},"end":{"line":15,"column":8}},"loc":{"start":{"line":15,"column":49},"end":{"line":21,"column":null}}},"3":{"name":"(anonymous_6)","decl":{"start":{"line":23,"column":2},"end":{"line":23,"column":8}},"loc":{"start":{"line":23,"column":68},"end":{"line":30,"column":null}}},"4":{"name":"(anonymous_7)","decl":{"start":{"line":32,"column":2},"end":{"line":32,"column":8}},"loc":{"start":{"line":32,"column":80},"end":{"line":54,"column":null}}},"5":{"name":"(anonymous_8)","decl":{"start":{"line":56,"column":2},"end":{"line":56,"column":8}},"loc":{"start":{"line":56,"column":47},"end":{"line":61,"column":null}}},"6":{"name":"(anonymous_9)","decl":{"start":{"line":63,"column":2},"end":{"line":63,"column":8}},"loc":{"start":{"line":63,"column":46},"end":{"line":69,"column":null}}},"7":{"name":"(anonymous_10)","decl":{"start":{"line":71,"column":2},"end":{"line":71,"column":8}},"loc":{"start":{"line":71,"column":48},"end":{"line":77,"column":null}}},"8":{"name":"(anonymous_11)","decl":{"start":{"line":79,"column":2},"end":{"line":79,"column":8}},"loc":{"start":{"line":79,"column":40},"end":{"line":81,"column":null}}},"9":{"name":"(anonymous_12)","decl":{"start":{"line":83,"column":2},"end":{"line":83,"column":8}},"loc":{"start":{"line":83,"column":43},"end":{"line":85,"column":null}}}},"branchMap":{"0":{"loc":{"start":{"line":17,"column":4},"end":{"line":19,"column":null}},"type":"if","locations":[{"start":{"line":17,"column":4},"end":{"line":19,"column":null}},{"start":{},"end":{}}]},"1":{"loc":{"start":{"line":27,"column":12},"end":{"line":27,"column":null}},"type":"binary-expr","locations":[{"start":{"line":27,"column":12},"end":{"line":27,"column":43}},{"start":{"line":27,"column":43},"end":{"line":27,"column":null}}]},"2":{"loc":{"start":{"line":38,"column":4},"end":{"line":40,"column":null}},"type":"if","locations":[{"start":{"line":38,"column":4},"end":{"line":40,"column":null}},{"start":{},"end":{}}]},"3":{"loc":{"start":{"line":41,"column":4},"end":{"line":43,"column":null}},"type":"if","locations":[{"start":{"line":41,"column":4},"end":{"line":43,"column":null}},{"start":{},"end":{}}]},"4":{"loc":{"start":{"line":44,"column":4},"end":{"line":46,"column":null}},"type":"if","locations":[{"start":{"line":44,"column":4},"end":{"line":46,"column":null}},{"start":{},"end":{}}]},"5":{"loc":{"start":{"line":45,"column":31},"end":{"line":45,"column":null}},"type":"binary-expr","locations":[{"start":{"line":45,"column":31},"end":{"line":45,"column":61}},{"start":{"line":45,"column":61},"end":{"line":45,"column":null}}]},"6":{"loc":{"start":{"line":49,"column":4},"end":{"line":51,"column":null}},"type":"if","locations":[{"start":{"line":49,"column":4},"end":{"line":51,"column":null}},{"start":{},"end":{}}]},"7":{"loc":{"start":{"line":58,"column":4},"end":{"line":60,"column":null}},"type":"if","locations":[{"start":{"line":58,"column":4},"end":{"line":60,"column":null}},{"start":{},"end":{}}]},"8":{"loc":{"start":{"line":65,"column":4},"end":{"line":67,"column":null}},"type":"if","locations":[{"start":{"line":65,"column":4},"end":{"line":67,"column":null}},{"start":{},"end":{}}]},"9":{"loc":{"start":{"line":73,"column":4},"end":{"line":75,"column":null}},"type":"if","locations":[{"start":{"line":73,"column":4},"end":{"line":75,"column":null}},{"start":{},"end":{}}]}},"s":{"0":84,"1":2,"2":2,"3":24,"4":1,"5":4,"6":4,"7":2,"8":2,"9":3,"10":2,"11":1,"12":1,"13":1,"14":1,"15":0,"16":1,"17":0,"18":1,"19":1,"20":0,"21":1,"22":2,"23":2,"24":1,"25":24,"26":24,"27":2,"28":22,"29":28,"30":28,"31":1,"32":27,"33":1,"34":1},"f":{"0":24,"1":1,"2":4,"3":3,"4":2,"5":2,"6":24,"7":28,"8":1,"9":1},"b":{"0":[2,2],"1":[3,1],"2":[1,0],"3":[0,1],"4":[0,1],"5":[0,0],"6":[0,1],"7":[1,1],"8":[2,22],"9":[1,27]}}
,"/home/ivo/work/quotes-app-ai-powered-2025/app/be/src/services/version.service.ts": {"path":"/home/ivo/work/quotes-app-ai-powered-2025/app/be/src/services/version.service.ts","statementMap":{"0":{"start":{"line":6,"column":13},"end":{"line":6,"column":null}},"1":{"start":{"line":1,"column":27},"end":{"line":1,"column":null}},"2":{"start":{"line":2,"column":20},"end":{"line":2,"column":null}},"3":{"start":{"line":3,"column":22},"end":{"line":3,"column":null}},"4":{"start":{"line":10,"column":28},"end":{"line":10,"column":null}},"5":{"start":{"line":11,"column":24},"end":{"line":11,"column":null}},"6":{"start":{"line":12,"column":4},"end":{"line":12,"column":null}},"7":{"start":{"line":16,"column":4},"end":{"line":16,"column":null}}},"fnMap":{"0":{"name":"(anonymous_6)","decl":{"start":{"line":9,"column":2},"end":{"line":9,"column":16}},"loc":{"start":{"line":9,"column":16},"end":{"line":13,"column":null}}},"1":{"name":"(anonymous_7)","decl":{"start":{"line":15,"column":2},"end":{"line":15,"column":15}},"loc":{"start":{"line":15,"column":15},"end":{"line":17,"column":null}}}},"branchMap":{},"s":{"0":4,"1":1,"2":1,"3":1,"4":2,"5":2,"6":2,"7":1},"f":{"0":2,"1":1},"b":{}}
}
