TN:
SF:src/data-source.ts
FNF:0
FNH:0
DA:4,0
DA:5,0
DA:7,0
LF:3
LH:0
BRDA:9,0,0,0
BRDA:9,0,1,0
BRDA:10,1,0,0
BRDA:10,1,1,0
BRDA:11,2,0,0
BRDA:11,2,1,0
BRDA:12,3,0,0
BRDA:12,3,1,0
BRDA:13,4,0,0
BRDA:13,4,1,0
BRDA:15,5,0,0
BRDA:15,5,1,0
BRDA:19,6,0,0
BRDA:19,6,1,0
BRDA:21,7,0,0
BRDA:21,7,1,0
BRDA:22,8,0,0
BRDA:22,8,1,0
BRDA:23,9,0,0
BRDA:23,9,1,0
BRF:20
BRH:0
end_of_record
TN:
SF:src/common/filters/http-exception.filter.ts
FN:21,(anonymous_1)
FN:42,(anonymous_2)
FNF:2
FNH:0
FNDA:0,(anonymous_1)
FNDA:0,(anonymous_2)
DA:22,0
DA:23,0
DA:24,0
DA:25,0
DA:27,0
DA:36,0
DA:43,0
DA:44,0
DA:45,0
DA:47,0
DA:48,0
DA:50,0
DA:51,0
DA:52,0
DA:53,0
DA:54,0
DA:57,0
DA:66,0
LF:18
LH:0
BRDA:30,0,0,0
BRDA:30,0,1,0
BRDA:50,1,0,0
BRDA:50,1,1,0
BRDA:53,2,0,0
BRDA:53,2,1,0
BRF:6
BRH:0
end_of_record
TN:
SF:src/common/interceptors/response.interceptor.ts
FN:18,(anonymous_2)
FN:20,(anonymous_3)
FNF:2
FNH:2
FNDA:3,(anonymous_2)
FNDA:3,(anonymous_3)
DA:6,1
DA:8,1
DA:17,6
DA:19,3
DA:20,3
LF:5
LH:5
BRF:0
BRH:0
end_of_record
TN:
SF:src/common/middleware/middleware.module.ts
FN:6,(anonymous_2)
FNF:1
FNH:0
FNDA:0,(anonymous_2)
DA:1,1
DA:2,1
DA:5,6
DA:8,0
LF:4
LH:3
BRF:0
BRH:0
end_of_record
TN:
SF:src/common/middleware/rate-limit.middleware.ts
FN:24,(anonymous_5)
FN:34,(anonymous_6)
FN:101,(anonymous_7)
FN:107,(anonymous_8)
FN:108,(anonymous_9)
FN:118,(anonymous_10)
FN:139,(anonymous_11)
FN:146,(anonymous_12)
FN:159,(anonymous_13)
FN:171,(anonymous_14)
FN:183,(anonymous_15)
FN:194,(anonymous_16)
FNF:12
FNH:12
FNDA:18,(anonymous_5)
FNDA:31,(anonymous_6)
FNDA:31,(anonymous_7)
FNDA:31,(anonymous_8)
FNDA:20,(anonymous_9)
FNDA:2,(anonymous_10)
FNDA:1,(anonymous_11)
FNDA:1,(anonymous_12)
FNDA:3,(anonymous_13)
FNDA:1,(anonymous_14)
FNDA:1,(anonymous_15)
FNDA:1,(anonymous_16)
DA:1,2
DA:20,16
DA:21,18
DA:25,18
DA:35,31
DA:36,31
DA:37,31
DA:40,31
DA:43,31
DA:44,14
DA:50,31
DA:53,31
DA:54,1
DA:55,1
DA:59,31
DA:60,7
DA:62,7
DA:69,7
DA:88,24
DA:91,24
DA:92,24
DA:98,24
DA:103,31
DA:104,31
DA:108,31
DA:109,20
DA:110,0
DA:119,2
DA:120,2
DA:121,1
DA:124,1
DA:125,1
DA:126,0
DA:129,1
DA:140,1
DA:147,1
DA:154,7
DA:160,3
DA:172,1
DA:184,1
DA:195,1
LF:41
LH:39
BRDA:28,0,0,18
BRDA:28,0,1,9
BRDA:29,1,0,18
BRDA:29,1,1,18
BRDA:30,2,0,18
BRDA:30,2,1,18
BRDA:43,3,0,14
BRDA:43,3,1,17
BRDA:53,4,0,1
BRDA:53,4,1,30
BRDA:59,5,0,7
BRDA:59,5,1,24
BRDA:103,6,0,31
BRDA:103,6,1,2
BRDA:103,6,2,1
BRDA:109,7,0,0
BRDA:109,7,1,20
BRDA:120,8,0,1
BRDA:120,8,1,1
BRDA:125,9,0,0
BRDA:125,9,1,1
BRF:21
BRH:19
end_of_record
TN:
SF:src/common/validators/no-semicolon.validator.ts
FN:21,(anonymous_4)
FN:36,(anonymous_5)
FN:41,NoSemicolon
FN:42,(anonymous_7)
FNF:4
FNH:4
FNDA:43,(anonymous_4)
FNDA:8,(anonymous_5)
FNDA:4,NoSemicolon
FNDA:4,(anonymous_7)
DA:7,4
DA:20,0
DA:23,43
DA:24,5
DA:28,38
DA:29,35
DA:33,3
DA:37,8
DA:41,4
DA:42,4
DA:43,4
LF:11
LH:10
BRDA:23,0,0,5
BRDA:23,0,1,38
BRDA:23,1,0,43
BRDA:23,1,1,41
BRDA:28,2,0,35
BRDA:28,2,1,3
BRF:6
BRH:6
end_of_record
TN:
SF:src/common/validators/tag-sanitization.validator.ts
FN:24,(anonymous_5)
FN:56,(anonymous_6)
FN:61,TagSanitization
FN:62,(anonymous_8)
FN:92,sanitizeTagString
FNF:5
FNH:5
FNDA:51,(anonymous_5)
FNDA:13,(anonymous_6)
FNDA:4,TagSanitization
FNDA:4,(anonymous_8)
FNDA:12,sanitizeTagString
DA:7,4
DA:23,0
DA:26,51
DA:27,5
DA:31,46
DA:32,3
DA:36,43
DA:37,43
DA:38,2
DA:42,41
DA:43,41
DA:44,4
DA:48,37
DA:49,37
DA:50,13
DA:53,24
DA:57,13
DA:61,4
DA:62,4
DA:63,4
DA:92,12
DA:93,12
DA:94,4
DA:97,8
LF:24
LH:23
BRDA:26,0,0,5
BRDA:26,0,1,46
BRDA:26,1,0,51
BRDA:26,1,1,49
BRDA:31,2,0,3
BRDA:31,2,1,43
BRDA:37,3,0,2
BRDA:37,3,1,41
BRDA:43,4,0,4
BRDA:43,4,1,37
BRDA:49,5,0,13
BRDA:49,5,1,24
BRDA:93,6,0,4
BRDA:93,6,1,8
BRDA:93,7,0,12
BRDA:93,7,1,9
BRF:16
BRH:16
end_of_record
TN:
SF:src/config/database.ci.config.ts
FN:3,(anonymous_0)
FNF:1
FNH:0
FNDA:0,(anonymous_0)
DA:3,0
DA:4,0
LF:2
LH:0
BRDA:6,0,0,0
BRDA:6,0,1,0
BRDA:7,1,0,0
BRDA:7,1,1,0
BRDA:8,2,0,0
BRDA:8,2,1,0
BRDA:9,3,0,0
BRDA:9,3,1,0
BRDA:10,4,0,0
BRDA:10,4,1,0
BRF:10
BRH:0
end_of_record
TN:
SF:src/config/database.config.ts
FN:3,(anonymous_0)
FNF:1
FNH:0
FNDA:0,(anonymous_0)
DA:3,0
DA:4,0
DA:5,0
DA:6,0
DA:8,0
DA:9,0
DA:19,0
LF:7
LH:0
BRDA:8,0,0,0
BRDA:8,0,1,0
BRDA:21,1,0,0
BRDA:21,1,1,0
BRDA:22,2,0,0
BRDA:22,2,1,0
BRDA:23,3,0,0
BRDA:23,3,1,0
BRDA:24,4,0,0
BRDA:24,4,1,0
BRDA:25,5,0,0
BRDA:25,5,1,0
BRDA:31,6,0,0
BRDA:31,6,1,0
BRDA:34,7,0,0
BRDA:34,7,1,0
BRDA:35,8,0,0
BRDA:35,8,1,0
BRDA:36,9,0,0
BRDA:36,9,1,0
BRF:20
BRH:0
end_of_record
TN:
SF:src/controllers/quotes.controller.ts
FN:21,(anonymous_5)
FN:23,(anonymous_6)
FN:48,(anonymous_7)
FN:72,(anonymous_8)
FN:77,(anonymous_9)
FN:105,(anonymous_10)
FN:128,(anonymous_11)
FN:136,(anonymous_12)
FN:170,(anonymous_13)
FN:205,(anonymous_14)
FNF:10
FNH:10
FNDA:17,(anonymous_5)
FNDA:1,(anonymous_6)
FNDA:1,(anonymous_7)
FNDA:1,(anonymous_8)
FNDA:1,(anonymous_9)
FNDA:1,(anonymous_10)
FNDA:1,(anonymous_11)
FNDA:1,(anonymous_12)
FNDA:8,(anonymous_13)
FNDA:7,(anonymous_14)
DA:13,1
DA:14,1
DA:15,1
DA:16,1
DA:20,34
DA:21,17
DA:25,1
DA:50,1
DA:74,1
DA:79,1
DA:108,1
DA:133,1
DA:139,1
DA:173,8
DA:208,7
LF:15
LH:15
BRF:0
BRH:0
end_of_record
TN:
SF:src/controllers/version.controller.ts
FN:6,(anonymous_3)
FN:9,(anonymous_4)
FNF:2
FNH:2
FNDA:2,(anonymous_3)
FNDA:1,(anonymous_4)
DA:1,1
DA:2,1
DA:5,4
DA:6,2
DA:10,1
LF:5
LH:5
BRF:0
BRH:0
end_of_record
TN:
SF:src/dto/create-quote.dto.ts
FNF:0
FNH:0
DA:1,3
DA:2,3
DA:3,3
DA:5,42
LF:4
LH:4
BRF:0
BRH:0
end_of_record
TN:
SF:src/dto/update-quote.dto.ts
FNF:0
FNH:0
DA:1,2
DA:2,2
DA:4,30
LF:3
LH:3
BRF:0
BRH:0
end_of_record
TN:
SF:src/entities/quote.entity.ts
FNF:0
FNH:0
DA:1,4
DA:5,92
LF:2
LH:2
BRF:0
BRH:0
end_of_record
TN:
SF:src/repositories/quote.repository.ts
FN:8,(anonymous_5)
FN:13,(anonymous_6)
FN:19,(anonymous_7)
FN:23,(anonymous_8)
FN:28,(anonymous_9)
FN:33,(anonymous_10)
FN:38,(anonymous_11)
FN:44,(anonymous_12)
FN:45,(anonymous_13)
FN:56,(anonymous_14)
FN:62,(anonymous_15)
FN:63,(anonymous_16)
FN:90,(anonymous_17)
FN:98,(anonymous_18)
FN:99,(anonymous_19)
FN:100,(anonymous_20)
FN:104,(anonymous_21)
FN:105,(anonymous_22)
FN:107,(anonymous_23)
FN:108,(anonymous_24)
FN:129,(anonymous_25)
FN:135,(anonymous_26)
FN:136,(anonymous_27)
FN:140,(anonymous_28)
FNF:24
FNH:20
FNDA:33,(anonymous_5)
FNDA:1,(anonymous_6)
FNDA:3,(anonymous_7)
FNDA:1,(anonymous_8)
FNDA:1,(anonymous_9)
FNDA:2,(anonymous_10)
FNDA:2,(anonymous_11)
FNDA:0,(anonymous_12)
FNDA:0,(anonymous_13)
FNDA:2,(anonymous_14)
FNDA:0,(anonymous_15)
FNDA:0,(anonymous_16)
FNDA:14,(anonymous_17)
FNDA:1044,(anonymous_18)
FNDA:1044,(anonymous_19)
FNDA:1037,(anonymous_20)
FNDA:3105,(anonymous_21)
FNDA:3105,(anonymous_22)
FNDA:3060,(anonymous_23)
FNDA:3060,(anonymous_24)
FNDA:8,(anonymous_25)
FNDA:1025,(anonymous_26)
FNDA:1025,(anonymous_27)
FNDA:1020,(anonymous_28)
DA:1,3
DA:2,3
DA:3,3
DA:4,3
DA:7,118
DA:10,33
DA:14,1
DA:20,3
DA:24,1
DA:25,1
DA:29,1
DA:30,1
DA:34,2
DA:35,2
DA:40,2
DA:44,0
DA:45,0
DA:53,2
DA:58,2
DA:62,0
DA:63,0
DA:70,2
DA:92,14
DA:97,14
DA:98,1044
DA:99,1044
DA:102,1037
DA:104,3105
DA:105,3105
DA:107,3060
DA:108,3060
DA:111,14
DA:130,8
DA:134,8
DA:135,1025
DA:136,1025
DA:139,8
DA:140,8
DA:141,1020
DA:142,1020
DA:143,113
DA:148,8
LF:42
LH:38
BRDA:53,0,0,1
BRDA:53,0,1,1
BRDA:70,1,0,2
BRDA:70,1,1,0
BRDA:99,2,0,1044
BRDA:99,2,1,1038
BRDA:142,3,0,113
BRDA:142,3,1,907
BRF:8
BRH:7
end_of_record
TN:
SF:src/services/quote.service.ts
FN:9,(anonymous_3)
FN:11,(anonymous_4)
FN:15,(anonymous_5)
FN:23,(anonymous_6)
FN:32,(anonymous_7)
FN:56,(anonymous_8)
FN:63,(anonymous_9)
FN:71,(anonymous_10)
FN:79,(anonymous_11)
FN:83,(anonymous_12)
FNF:10
FNH:10
FNDA:24,(anonymous_3)
FNDA:1,(anonymous_4)
FNDA:4,(anonymous_5)
FNDA:3,(anonymous_6)
FNDA:2,(anonymous_7)
FNDA:2,(anonymous_8)
FNDA:24,(anonymous_9)
FNDA:28,(anonymous_10)
FNDA:1,(anonymous_11)
FNDA:1,(anonymous_12)
DA:1,2
DA:2,2
DA:8,84
DA:9,24
DA:12,1
DA:16,4
DA:17,4
DA:18,2
DA:20,2
DA:24,3
DA:34,2
DA:37,1
DA:38,1
DA:39,1
DA:41,1
DA:42,0
DA:44,1
DA:45,0
DA:48,1
DA:49,1
DA:50,0
DA:53,1
DA:57,2
DA:58,2
DA:59,1
DA:64,24
DA:65,24
DA:66,2
DA:68,22
DA:72,28
DA:73,28
DA:74,1
DA:76,27
DA:80,1
DA:84,1
LF:35
LH:32
BRDA:17,0,0,2
BRDA:17,0,1,2
BRDA:27,1,0,3
BRDA:27,1,1,1
BRDA:38,2,0,1
BRDA:38,2,1,0
BRDA:41,3,0,0
BRDA:41,3,1,1
BRDA:44,4,0,0
BRDA:44,4,1,1
BRDA:45,5,0,0
BRDA:45,5,1,0
BRDA:49,6,0,0
BRDA:49,6,1,1
BRDA:58,7,0,1
BRDA:58,7,1,1
BRDA:65,8,0,2
BRDA:65,8,1,22
BRDA:73,9,0,1
BRDA:73,9,1,27
BRF:20
BRH:14
end_of_record
TN:
SF:src/services/version.service.ts
FN:9,(anonymous_6)
FN:15,(anonymous_7)
FNF:2
FNH:2
FNDA:2,(anonymous_6)
FNDA:1,(anonymous_7)
DA:1,1
DA:2,1
DA:3,1
DA:6,4
DA:10,2
DA:11,2
DA:12,2
DA:16,1
LF:8
LH:8
BRF:0
BRH:0
end_of_record
